0 info it worked if it ends with ok
1 verbose cli [ 'node', '/usr/local/bin/npm', 'install' ]
2 info using npm@1.4.28
3 info using node@v0.10.32
4 verbose readDependencies using package.json deps
5 verbose install where, deps [ '/Users/pradyumnad/KDM/ClassApp',
5 verbose install   [ 'body-parser',
5 verbose install     'cookie',
5 verbose install     'errorhandler',
5 verbose install     'express',
5 verbose install     'jade',
5 verbose install     'request',
5 verbose install     'socket.io' ] ]
6 info preinstall SpeechToTextNodejsStarterApp@0.1.3
7 verbose readDependencies using package.json deps
8 verbose cache add [ 'errorhandler@~1.2.2', null ]
9 verbose cache add name=undefined spec="errorhandler@~1.2.2" args=["errorhandler@~1.2.2",null]
10 verbose parsed url { protocol: null,
10 verbose parsed url   slashes: null,
10 verbose parsed url   auth: null,
10 verbose parsed url   host: null,
10 verbose parsed url   port: null,
10 verbose parsed url   hostname: null,
10 verbose parsed url   hash: null,
10 verbose parsed url   search: null,
10 verbose parsed url   query: null,
10 verbose parsed url   pathname: 'errorhandler@~1.2.2',
10 verbose parsed url   path: 'errorhandler@~1.2.2',
10 verbose parsed url   href: 'errorhandler@~1.2.2' }
11 verbose cache add [ 'express@~4.10.6', null ]
12 verbose cache add name=undefined spec="express@~4.10.6" args=["express@~4.10.6",null]
13 verbose parsed url { protocol: null,
13 verbose parsed url   slashes: null,
13 verbose parsed url   auth: null,
13 verbose parsed url   host: null,
13 verbose parsed url   port: null,
13 verbose parsed url   hostname: null,
13 verbose parsed url   hash: null,
13 verbose parsed url   search: null,
13 verbose parsed url   query: null,
13 verbose parsed url   pathname: 'express@~4.10.6',
13 verbose parsed url   path: 'express@~4.10.6',
13 verbose parsed url   href: 'express@~4.10.6' }
14 verbose cache add name="errorhandler" spec="~1.2.2" args=["errorhandler","~1.2.2"]
15 verbose parsed url { protocol: null,
15 verbose parsed url   slashes: null,
15 verbose parsed url   auth: null,
15 verbose parsed url   host: null,
15 verbose parsed url   port: null,
15 verbose parsed url   hostname: null,
15 verbose parsed url   hash: null,
15 verbose parsed url   search: null,
15 verbose parsed url   query: null,
15 verbose parsed url   pathname: '~1.2.2',
15 verbose parsed url   path: '~1.2.2',
15 verbose parsed url   href: '~1.2.2' }
16 verbose addNamed [ 'errorhandler', '~1.2.2' ]
17 verbose addNamed [ null, '>=1.2.2-0 <1.3.0-0' ]
18 verbose cache add [ 'jade@~1.8.2', null ]
19 verbose cache add name=undefined spec="jade@~1.8.2" args=["jade@~1.8.2",null]
20 verbose parsed url { protocol: null,
20 verbose parsed url   slashes: null,
20 verbose parsed url   auth: null,
20 verbose parsed url   host: null,
20 verbose parsed url   port: null,
20 verbose parsed url   hostname: null,
20 verbose parsed url   hash: null,
20 verbose parsed url   search: null,
20 verbose parsed url   query: null,
20 verbose parsed url   pathname: 'jade@~1.8.2',
20 verbose parsed url   path: 'jade@~1.8.2',
20 verbose parsed url   href: 'jade@~1.8.2' }
21 verbose cache add name="express" spec="~4.10.6" args=["express","~4.10.6"]
22 verbose parsed url { protocol: null,
22 verbose parsed url   slashes: null,
22 verbose parsed url   auth: null,
22 verbose parsed url   host: null,
22 verbose parsed url   port: null,
22 verbose parsed url   hostname: null,
22 verbose parsed url   hash: null,
22 verbose parsed url   search: null,
22 verbose parsed url   query: null,
22 verbose parsed url   pathname: '~4.10.6',
22 verbose parsed url   path: '~4.10.6',
22 verbose parsed url   href: '~4.10.6' }
23 verbose addNamed [ 'express', '~4.10.6' ]
24 verbose addNamed [ null, '>=4.10.6-0 <4.11.0-0' ]
25 silly lockFile c7c8b2a0-errorhandler-1-2-2 errorhandler@~1.2.2
26 verbose lock errorhandler@~1.2.2 /Users/pradyumnad/.npm/c7c8b2a0-errorhandler-1-2-2.lock
27 silly lockFile 2847eb2c-express-4-10-6 express@~4.10.6
28 verbose lock express@~4.10.6 /Users/pradyumnad/.npm/2847eb2c-express-4-10-6.lock
29 verbose cache add [ 'request@~2.51.0', null ]
30 verbose cache add name=undefined spec="request@~2.51.0" args=["request@~2.51.0",null]
31 verbose parsed url { protocol: null,
31 verbose parsed url   slashes: null,
31 verbose parsed url   auth: null,
31 verbose parsed url   host: null,
31 verbose parsed url   port: null,
31 verbose parsed url   hostname: null,
31 verbose parsed url   hash: null,
31 verbose parsed url   search: null,
31 verbose parsed url   query: null,
31 verbose parsed url   pathname: 'request@~2.51.0',
31 verbose parsed url   path: 'request@~2.51.0',
31 verbose parsed url   href: 'request@~2.51.0' }
32 verbose cache add name="jade" spec="~1.8.2" args=["jade","~1.8.2"]
33 verbose parsed url { protocol: null,
33 verbose parsed url   slashes: null,
33 verbose parsed url   auth: null,
33 verbose parsed url   host: null,
33 verbose parsed url   port: null,
33 verbose parsed url   hostname: null,
33 verbose parsed url   hash: null,
33 verbose parsed url   search: null,
33 verbose parsed url   query: null,
33 verbose parsed url   pathname: '~1.8.2',
33 verbose parsed url   path: '~1.8.2',
33 verbose parsed url   href: '~1.8.2' }
34 verbose addNamed [ 'jade', '~1.8.2' ]
35 verbose addNamed [ null, '>=1.8.2-0 <1.9.0-0' ]
36 silly lockFile 3c7a704c-jade-1-8-2 jade@~1.8.2
37 verbose lock jade@~1.8.2 /Users/pradyumnad/.npm/3c7a704c-jade-1-8-2.lock
38 verbose cache add [ 'socket.io@~1.3.2', null ]
39 verbose cache add name=undefined spec="socket.io@~1.3.2" args=["socket.io@~1.3.2",null]
40 verbose parsed url { protocol: null,
40 verbose parsed url   slashes: null,
40 verbose parsed url   auth: null,
40 verbose parsed url   host: null,
40 verbose parsed url   port: null,
40 verbose parsed url   hostname: null,
40 verbose parsed url   hash: null,
40 verbose parsed url   search: null,
40 verbose parsed url   query: null,
40 verbose parsed url   pathname: 'socket.io@~1.3.2',
40 verbose parsed url   path: 'socket.io@~1.3.2',
40 verbose parsed url   href: 'socket.io@~1.3.2' }
41 verbose cache add [ 'body-parser@~1.10.0', null ]
42 verbose cache add name=undefined spec="body-parser@~1.10.0" args=["body-parser@~1.10.0",null]
43 verbose parsed url { protocol: null,
43 verbose parsed url   slashes: null,
43 verbose parsed url   auth: null,
43 verbose parsed url   host: null,
43 verbose parsed url   port: null,
43 verbose parsed url   hostname: null,
43 verbose parsed url   hash: null,
43 verbose parsed url   search: null,
43 verbose parsed url   query: null,
43 verbose parsed url   pathname: 'body-parser@~1.10.0',
43 verbose parsed url   path: 'body-parser@~1.10.0',
43 verbose parsed url   href: 'body-parser@~1.10.0' }
44 verbose cache add [ 'cookie@~0.1.2', null ]
45 verbose cache add name=undefined spec="cookie@~0.1.2" args=["cookie@~0.1.2",null]
46 verbose parsed url { protocol: null,
46 verbose parsed url   slashes: null,
46 verbose parsed url   auth: null,
46 verbose parsed url   host: null,
46 verbose parsed url   port: null,
46 verbose parsed url   hostname: null,
46 verbose parsed url   hash: null,
46 verbose parsed url   search: null,
46 verbose parsed url   query: null,
46 verbose parsed url   pathname: 'cookie@~0.1.2',
46 verbose parsed url   path: 'cookie@~0.1.2',
46 verbose parsed url   href: 'cookie@~0.1.2' }
47 verbose cache add name="request" spec="~2.51.0" args=["request","~2.51.0"]
48 verbose parsed url { protocol: null,
48 verbose parsed url   slashes: null,
48 verbose parsed url   auth: null,
48 verbose parsed url   host: null,
48 verbose parsed url   port: null,
48 verbose parsed url   hostname: null,
48 verbose parsed url   hash: null,
48 verbose parsed url   search: null,
48 verbose parsed url   query: null,
48 verbose parsed url   pathname: '~2.51.0',
48 verbose parsed url   path: '~2.51.0',
48 verbose parsed url   href: '~2.51.0' }
49 verbose addNamed [ 'request', '~2.51.0' ]
50 verbose addNamed [ null, '>=2.51.0-0 <2.52.0-0' ]
51 silly lockFile cffdd4b2-request-2-51-0 request@~2.51.0
52 verbose lock request@~2.51.0 /Users/pradyumnad/.npm/cffdd4b2-request-2-51-0.lock
53 verbose cache add name="socket.io" spec="~1.3.2" args=["socket.io","~1.3.2"]
54 verbose parsed url { protocol: null,
54 verbose parsed url   slashes: null,
54 verbose parsed url   auth: null,
54 verbose parsed url   host: null,
54 verbose parsed url   port: null,
54 verbose parsed url   hostname: null,
54 verbose parsed url   hash: null,
54 verbose parsed url   search: null,
54 verbose parsed url   query: null,
54 verbose parsed url   pathname: '~1.3.2',
54 verbose parsed url   path: '~1.3.2',
54 verbose parsed url   href: '~1.3.2' }
55 verbose addNamed [ 'socket.io', '~1.3.2' ]
56 verbose addNamed [ null, '>=1.3.2-0 <1.4.0-0' ]
57 silly lockFile f994ea62-socket-io-1-3-2 socket.io@~1.3.2
58 verbose lock socket.io@~1.3.2 /Users/pradyumnad/.npm/f994ea62-socket-io-1-3-2.lock
59 verbose cache add name="body-parser" spec="~1.10.0" args=["body-parser","~1.10.0"]
60 verbose parsed url { protocol: null,
60 verbose parsed url   slashes: null,
60 verbose parsed url   auth: null,
60 verbose parsed url   host: null,
60 verbose parsed url   port: null,
60 verbose parsed url   hostname: null,
60 verbose parsed url   hash: null,
60 verbose parsed url   search: null,
60 verbose parsed url   query: null,
60 verbose parsed url   pathname: '~1.10.0',
60 verbose parsed url   path: '~1.10.0',
60 verbose parsed url   href: '~1.10.0' }
61 verbose addNamed [ 'body-parser', '~1.10.0' ]
62 verbose addNamed [ null, '>=1.10.0-0 <1.11.0-0' ]
63 silly lockFile 73324c1d-body-parser-1-10-0 body-parser@~1.10.0
64 verbose lock body-parser@~1.10.0 /Users/pradyumnad/.npm/73324c1d-body-parser-1-10-0.lock
65 verbose cache add name="cookie" spec="~0.1.2" args=["cookie","~0.1.2"]
66 verbose parsed url { protocol: null,
66 verbose parsed url   slashes: null,
66 verbose parsed url   auth: null,
66 verbose parsed url   host: null,
66 verbose parsed url   port: null,
66 verbose parsed url   hostname: null,
66 verbose parsed url   hash: null,
66 verbose parsed url   search: null,
66 verbose parsed url   query: null,
66 verbose parsed url   pathname: '~0.1.2',
66 verbose parsed url   path: '~0.1.2',
66 verbose parsed url   href: '~0.1.2' }
67 verbose addNamed [ 'cookie', '~0.1.2' ]
68 verbose addNamed [ null, '>=0.1.2-0 <0.2.0-0' ]
69 silly lockFile e539ea34-cookie-0-1-2 cookie@~0.1.2
70 verbose lock cookie@~0.1.2 /Users/pradyumnad/.npm/e539ea34-cookie-0-1-2.lock
71 silly addNameRange { name: 'express',
71 silly addNameRange   range: '>=4.10.6-0 <4.11.0-0',
71 silly addNameRange   hasData: false }
72 silly addNameRange { name: 'errorhandler',
72 silly addNameRange   range: '>=1.2.2-0 <1.3.0-0',
72 silly addNameRange   hasData: false }
73 silly addNameRange { name: 'jade', range: '>=1.8.2-0 <1.9.0-0', hasData: false }
74 silly addNameRange { name: 'request',
74 silly addNameRange   range: '>=2.51.0-0 <2.52.0-0',
74 silly addNameRange   hasData: false }
75 silly addNameRange { name: 'body-parser',
75 silly addNameRange   range: '>=1.10.0-0 <1.11.0-0',
75 silly addNameRange   hasData: false }
76 silly addNameRange { name: 'socket.io',
76 silly addNameRange   range: '>=1.3.2-0 <1.4.0-0',
76 silly addNameRange   hasData: false }
77 silly addNameRange { name: 'cookie', range: '>=0.1.2-0 <0.2.0-0', hasData: false }
78 verbose request where is /express
79 verbose request registry https://registry.npmjs.org/
80 verbose request id 52d22c7e4deceb58
81 verbose url raw /express
82 verbose url resolving [ 'https://registry.npmjs.org/', './express' ]
83 verbose url resolved https://registry.npmjs.org/express
84 verbose request where is https://registry.npmjs.org/express
85 info trying registry request attempt 1 at 19:50:50
86 verbose etag "9VNNFHIQZA5PJKPH92Y2Z6RFN"
87 http GET https://registry.npmjs.org/express
88 verbose request where is /errorhandler
89 verbose request registry https://registry.npmjs.org/
90 verbose url raw /errorhandler
91 verbose url resolving [ 'https://registry.npmjs.org/', './errorhandler' ]
92 verbose url resolved https://registry.npmjs.org/errorhandler
93 verbose request where is https://registry.npmjs.org/errorhandler
94 info trying registry request attempt 1 at 19:50:50
95 verbose etag "7UEEY5CN00IGGLTPZ0V7HNV8Q"
96 http GET https://registry.npmjs.org/errorhandler
97 verbose request where is /jade
98 verbose request registry https://registry.npmjs.org/
99 verbose url raw /jade
100 verbose url resolving [ 'https://registry.npmjs.org/', './jade' ]
101 verbose url resolved https://registry.npmjs.org/jade
102 verbose request where is https://registry.npmjs.org/jade
103 info trying registry request attempt 1 at 19:50:50
104 verbose etag "D0HJ3226HWTGS8JHOBTZ9X5D5"
105 http GET https://registry.npmjs.org/jade
106 verbose request where is /body-parser
107 verbose request registry https://registry.npmjs.org/
108 verbose url raw /body-parser
109 verbose url resolving [ 'https://registry.npmjs.org/', './body-parser' ]
110 verbose url resolved https://registry.npmjs.org/body-parser
111 verbose request where is https://registry.npmjs.org/body-parser
112 info trying registry request attempt 1 at 19:50:50
113 verbose etag "4IFONEC84EE4Q0TS75ZGBCWFC"
114 http GET https://registry.npmjs.org/body-parser
115 verbose request where is /request
116 verbose request registry https://registry.npmjs.org/
117 verbose url raw /request
118 verbose url resolving [ 'https://registry.npmjs.org/', './request' ]
119 verbose url resolved https://registry.npmjs.org/request
120 verbose request where is https://registry.npmjs.org/request
121 info trying registry request attempt 1 at 19:50:50
122 verbose etag "57FTKRXUYB6QT739XO1308E0Y"
123 http GET https://registry.npmjs.org/request
124 verbose request where is /cookie
125 verbose request registry https://registry.npmjs.org/
126 verbose url raw /cookie
127 verbose url resolving [ 'https://registry.npmjs.org/', './cookie' ]
128 verbose url resolved https://registry.npmjs.org/cookie
129 verbose request where is https://registry.npmjs.org/cookie
130 info trying registry request attempt 1 at 19:50:50
131 verbose etag "2MMMST057EDR16DFY44BLQXWT"
132 http GET https://registry.npmjs.org/cookie
133 verbose request where is /socket.io
134 verbose request registry https://registry.npmjs.org/
135 verbose url raw /socket.io
136 verbose url resolving [ 'https://registry.npmjs.org/', './socket.io' ]
137 verbose url resolved https://registry.npmjs.org/socket.io
138 verbose request where is https://registry.npmjs.org/socket.io
139 info trying registry request attempt 1 at 19:50:50
140 verbose etag "1TTYHTRW6PK2UCHCQXZ3MIH3K"
141 http GET https://registry.npmjs.org/socket.io
142 http 200 https://registry.npmjs.org/errorhandler
143 silly registry.get cb [ 200,
143 silly registry.get   { date: 'Wed, 18 Feb 2015 01:50:50 GMT',
143 silly registry.get     server: 'CouchDB/1.5.0 (Erlang OTP/R16B03)',
143 silly registry.get     etag: '"BVW43IRAFJX9UYNCGDK1LDPR2"',
143 silly registry.get     'content-type': 'application/json',
143 silly registry.get     'cache-control': 'max-age=60',
143 silly registry.get     'content-length': '29363',
143 silly registry.get     'accept-ranges': 'bytes',
143 silly registry.get     via: '1.1 varnish',
143 silly registry.get     age: '21',
143 silly registry.get     'x-served-by': 'cache-dfw1833-DFW',
143 silly registry.get     'x-cache': 'HIT',
143 silly registry.get     'x-cache-hits': '1',
143 silly registry.get     'x-timer': 'S1424224250.829475,VS0,VE0',
143 silly registry.get     vary: 'Accept',
143 silly registry.get     'keep-alive': 'timeout=10, max=50',
143 silly registry.get     connection: 'Keep-Alive' } ]
144 silly addNameRange number 2 { name: 'errorhandler',
144 silly addNameRange   range: '>=1.2.2-0 <1.3.0-0',
144 silly addNameRange   hasData: true }
145 silly addNameRange versions [ 'errorhandler',
145 silly addNameRange   [ '1.0.0',
145 silly addNameRange     '1.0.1',
145 silly addNameRange     '1.0.2',
145 silly addNameRange     '1.1.0',
145 silly addNameRange     '1.1.1',
145 silly addNameRange     '1.2.0',
145 silly addNameRange     '1.2.1',
145 silly addNameRange     '1.2.2',
145 silly addNameRange     '1.2.3',
145 silly addNameRange     '1.3.0',
145 silly addNameRange     '1.3.1',
145 silly addNameRange     '1.2.4',
145 silly addNameRange     '1.3.2',
145 silly addNameRange     '1.3.3',
145 silly addNameRange     '1.3.4' ] ]
146 verbose addNamed [ 'errorhandler', '1.2.4' ]
147 verbose addNamed [ '1.2.4', '1.2.4' ]
148 silly lockFile a124ae85-errorhandler-1-2-4 errorhandler@1.2.4
149 verbose lock errorhandler@1.2.4 /Users/pradyumnad/.npm/a124ae85-errorhandler-1-2-4.lock
150 http 200 https://registry.npmjs.org/cookie
151 silly registry.get cb [ 200,
151 silly registry.get   { date: 'Wed, 18 Feb 2015 01:50:50 GMT',
151 silly registry.get     server: 'CouchDB/1.5.0 (Erlang OTP/R16B03)',
151 silly registry.get     etag: '"CBBDD0OFS00LJG3VA1C80K1OX"',
151 silly registry.get     'content-type': 'application/json',
151 silly registry.get     'cache-control': 'max-age=60',
151 silly registry.get     'content-length': '10415',
151 silly registry.get     'accept-ranges': 'bytes',
151 silly registry.get     via: '1.1 varnish',
151 silly registry.get     age: '29',
151 silly registry.get     'x-served-by': 'cache-dfw1833-DFW',
151 silly registry.get     'x-cache': 'HIT',
151 silly registry.get     'x-cache-hits': '1',
151 silly registry.get     'x-timer': 'S1424224250.936652,VS0,VE0',
151 silly registry.get     vary: 'Accept',
151 silly registry.get     'keep-alive': 'timeout=10, max=49',
151 silly registry.get     connection: 'Keep-Alive' } ]
152 silly lockFile b8cd6fd0-orhandler-errorhandler-1-2-4-tgz https://registry.npmjs.org/errorhandler/-/errorhandler-1.2.4.tgz
153 verbose lock https://registry.npmjs.org/errorhandler/-/errorhandler-1.2.4.tgz /Users/pradyumnad/.npm/b8cd6fd0-orhandler-errorhandler-1-2-4-tgz.lock
154 http 200 https://registry.npmjs.org/body-parser
155 silly registry.get cb [ 200,
155 silly registry.get   { date: 'Wed, 18 Feb 2015 01:50:50 GMT',
155 silly registry.get     server: 'CouchDB/1.5.0 (Erlang OTP/R16B03)',
155 silly registry.get     etag: '"1VW86JUBFCTE418FHF30UW3MX"',
155 silly registry.get     'content-type': 'application/json',
155 silly registry.get     'cache-control': 'max-age=60',
155 silly registry.get     'content-length': '87796',
155 silly registry.get     'accept-ranges': 'bytes',
155 silly registry.get     via: '1.1 varnish',
155 silly registry.get     age: '20',
155 silly registry.get     'x-served-by': 'cache-dfw1832-DFW',
155 silly registry.get     'x-cache': 'HIT',
155 silly registry.get     'x-cache-hits': '1',
155 silly registry.get     'x-timer': 'S1424224250.830001,VS0,VE0',
155 silly registry.get     vary: 'Accept',
155 silly registry.get     'keep-alive': 'timeout=10, max=50',
155 silly registry.get     connection: 'Keep-Alive' } ]
156 verbose addRemoteTarball [ 'https://registry.npmjs.org/errorhandler/-/errorhandler-1.2.4.tgz',
156 verbose addRemoteTarball   '4726630d6c6c2c11a7cd589b7376f7336473d6aa' ]
157 silly addNameRange number 2 { name: 'cookie', range: '>=0.1.2-0 <0.2.0-0', hasData: true }
158 silly addNameRange versions [ 'cookie',
158 silly addNameRange   [ '0.0.0',
158 silly addNameRange     '0.0.1',
158 silly addNameRange     '0.0.2',
158 silly addNameRange     '0.0.3',
158 silly addNameRange     '0.0.4',
158 silly addNameRange     '0.0.5',
158 silly addNameRange     '0.0.6',
158 silly addNameRange     '0.1.0',
158 silly addNameRange     '0.1.1',
158 silly addNameRange     '0.1.2' ] ]
159 verbose addNamed [ 'cookie', '0.1.2' ]
160 verbose addNamed [ '0.1.2', '0.1.2' ]
161 silly lockFile ccf606cf-cookie-0-1-2 cookie@0.1.2
162 verbose lock cookie@0.1.2 /Users/pradyumnad/.npm/ccf606cf-cookie-0-1-2.lock
163 silly addNameRange number 2 { name: 'body-parser',
163 silly addNameRange   range: '>=1.10.0-0 <1.11.0-0',
163 silly addNameRange   hasData: true }
164 silly addNameRange versions [ 'body-parser',
164 silly addNameRange   [ '1.0.0',
164 silly addNameRange     '1.0.1',
164 silly addNameRange     '1.0.2',
164 silly addNameRange     '1.1.0',
164 silly addNameRange     '1.1.1',
164 silly addNameRange     '1.1.2',
164 silly addNameRange     '1.2.0',
164 silly addNameRange     '1.2.1',
164 silly addNameRange     '1.2.2',
164 silly addNameRange     '1.3.0',
164 silly addNameRange     '1.3.1',
164 silly addNameRange     '1.4.0',
164 silly addNameRange     '1.4.1',
164 silly addNameRange     '1.4.2',
164 silly addNameRange     '1.4.3',
164 silly addNameRange     '1.5.0',
164 silly addNameRange     '1.5.1',
164 silly addNameRange     '1.5.2',
164 silly addNameRange     '1.6.0',
164 silly addNameRange     '1.6.1',
164 silly addNameRange     '1.6.2',
164 silly addNameRange     '1.6.3',
164 silly addNameRange     '1.6.4',
164 silly addNameRange     '1.6.5',
164 silly addNameRange     '1.6.6',
164 silly addNameRange     '1.6.7',
164 silly addNameRange     '1.7.0',
164 silly addNameRange     '1.8.0',
164 silly addNameRange     '1.8.1',
164 silly addNameRange     '1.8.2',
164 silly addNameRange     '1.8.3',
164 silly addNameRange     '1.8.4',
164 silly addNameRange     '1.9.0',
164 silly addNameRange     '1.9.1',
164 silly addNameRange     '1.9.2',
164 silly addNameRange     '1.9.3',
164 silly addNameRange     '1.10.0',
164 silly addNameRange     '1.10.1',
164 silly addNameRange     '1.10.2',
164 silly addNameRange     '1.11.0',
164 silly addNameRange     '1.12.0' ] ]
165 verbose addNamed [ 'body-parser', '1.10.2' ]
166 verbose addNamed [ '1.10.2', '1.10.2' ]
167 silly lockFile 6255e82a-body-parser-1-10-2 body-parser@1.10.2
168 verbose lock body-parser@1.10.2 /Users/pradyumnad/.npm/6255e82a-body-parser-1-10-2.lock
169 http 200 https://registry.npmjs.org/request
170 silly registry.get cb [ 200,
170 silly registry.get   { date: 'Wed, 18 Feb 2015 01:50:50 GMT',
170 silly registry.get     server: 'CouchDB/1.6.1 (Erlang OTP/R14B04)',
170 silly registry.get     etag: '"9JIIT975OFZO8OHRP4NPFBUO8"',
170 silly registry.get     'content-type': 'application/json',
170 silly registry.get     'cache-control': 'max-age=60',
170 silly registry.get     'content-length': '140133',
170 silly registry.get     'accept-ranges': 'bytes',
170 silly registry.get     via: '1.1 varnish',
170 silly registry.get     age: '10',
170 silly registry.get     'x-served-by': 'cache-dfw1834-DFW',
170 silly registry.get     'x-cache': 'HIT',
170 silly registry.get     'x-cache-hits': '2',
170 silly registry.get     'x-timer': 'S1424224250.836037,VS0,VE0',
170 silly registry.get     vary: 'Accept',
170 silly registry.get     'keep-alive': 'timeout=10, max=50',
170 silly registry.get     connection: 'Keep-Alive' } ]
171 http 200 https://registry.npmjs.org/jade
172 silly registry.get cb [ 200,
172 silly registry.get   { date: 'Wed, 18 Feb 2015 01:50:50 GMT',
172 silly registry.get     server: 'CouchDB/1.5.0 (Erlang OTP/R16B03)',
172 silly registry.get     etag: '"3SZ5YK7HMV453UVD29XGLJT6Z"',
172 silly registry.get     'content-type': 'application/json',
172 silly registry.get     'cache-control': 'max-age=60',
172 silly registry.get     'content-length': '141850',
172 silly registry.get     'accept-ranges': 'bytes',
172 silly registry.get     via: '1.1 varnish',
172 silly registry.get     age: '33',
172 silly registry.get     'x-served-by': 'cache-dfw1820-DFW',
172 silly registry.get     'x-cache': 'HIT',
172 silly registry.get     'x-cache-hits': '1',
172 silly registry.get     'x-timer': 'S1424224250.841933,VS0,VE0',
172 silly registry.get     vary: 'Accept',
172 silly registry.get     'keep-alive': 'timeout=10, max=50',
172 silly registry.get     connection: 'Keep-Alive' } ]
173 silly lockFile 76df2ab8-dy-parser-body-parser-1-10-2-tgz https://registry.npmjs.org/body-parser/-/body-parser-1.10.2.tgz
174 verbose lock https://registry.npmjs.org/body-parser/-/body-parser-1.10.2.tgz /Users/pradyumnad/.npm/76df2ab8-dy-parser-body-parser-1-10-2-tgz.lock
175 verbose addRemoteTarball [ 'https://registry.npmjs.org/body-parser/-/body-parser-1.10.2.tgz',
175 verbose addRemoteTarball   '405d465fcd3ccf0ea8a35adbf1055f6e98316bd1' ]
176 silly addNameRange number 2 { name: 'request', range: '>=2.51.0-0 <2.52.0-0', hasData: true }
177 silly addNameRange versions [ 'request',
177 silly addNameRange   [ '0.10.0',
177 silly addNameRange     '0.8.3',
177 silly addNameRange     '0.9.0',
177 silly addNameRange     '0.9.1',
177 silly addNameRange     '0.9.5',
177 silly addNameRange     '1.0.0',
177 silly addNameRange     '1.1.0',
177 silly addNameRange     '1.1.1',
177 silly addNameRange     '1.2.0',
177 silly addNameRange     '1.9.0',
177 silly addNameRange     '1.9.1',
177 silly addNameRange     '1.9.2',
177 silly addNameRange     '1.9.3',
177 silly addNameRange     '1.9.5',
177 silly addNameRange     '1.9.7',
177 silly addNameRange     '1.9.8',
177 silly addNameRange     '1.9.9',
177 silly addNameRange     '2.0.0',
177 silly addNameRange     '2.0.1',
177 silly addNameRange     '2.0.2',
177 silly addNameRange     '2.0.3',
177 silly addNameRange     '2.0.4',
177 silly addNameRange     '2.0.5',
177 silly addNameRange     '2.1.0',
177 silly addNameRange     '2.1.1',
177 silly addNameRange     '2.2.0',
177 silly addNameRange     '2.2.5',
177 silly addNameRange     '2.2.6',
177 silly addNameRange     '2.2.9',
177 silly addNameRange     '2.9.0',
177 silly addNameRange     '2.9.1',
177 silly addNameRange     '2.9.2',
177 silly addNameRange     '2.9.3',
177 silly addNameRange     '2.9.100',
177 silly addNameRange     '2.9.150',
177 silly addNameRange     '2.9.151',
177 silly addNameRange     '2.9.152',
177 silly addNameRange     '2.9.153',
177 silly addNameRange     '2.9.200',
177 silly addNameRange     '2.9.201',
177 silly addNameRange     '2.9.202',
177 silly addNameRange     '2.9.203',
177 silly addNameRange     '2.10.0',
177 silly addNameRange     '2.11.0',
177 silly addNameRange     '2.11.1',
177 silly addNameRange     '2.11.2',
177 silly addNameRange     '2.11.3',
177 silly addNameRange     '2.11.4',
177 silly addNameRange     '2.12.0',
177 silly addNameRange     '2.14.0',
177 silly addNameRange     '2.16.0',
177 silly addNameRange     '2.16.2',
177 silly addNameRange     '2.16.4',
177 silly addNameRange     '2.16.6',
177 silly addNameRange     '2.18.0',
177 silly addNameRange     '2.19.0',
177 silly addNameRange     '2.20.0',
177 silly addNameRange     '2.21.0',
177 silly addNameRange     '2.22.0',
177 silly addNameRange     '2.23.0',
177 silly addNameRange     '2.24.0',
177 silly addNameRange     '2.25.0',
177 silly addNameRange     '2.26.0',
177 silly addNameRange     '2.27.0',
177 silly addNameRange     '2.28.0',
177 silly addNameRange     '2.29.0',
177 silly addNameRange     '2.30.0',
177 silly addNameRange     '2.31.0',
177 silly addNameRange     '2.32.0',
177 silly addNameRange     '2.33.0',
177 silly addNameRange     '2.34.0',
177 silly addNameRange     '2.35.0',
177 silly addNameRange     '2.36.0',
177 silly addNameRange     '2.37.0',
177 silly addNameRange     '2.38.0',
177 silly addNameRange     '2.39.0',
177 silly addNameRange     '2.40.0',
177 silly addNameRange     '2.41.0',
177 silly addNameRange     '2.42.0',
177 silly addNameRange     '2.43.0',
177 silly addNameRange     '2.44.0',
177 silly addNameRange     '2.45.0',
177 silly addNameRange     '2.46.0',
177 silly addNameRange     '2.47.0',
177 silly addNameRange     '2.48.0',
177 silly addNameRange     '2.49.0',
177 silly addNameRange     '2.50.0',
177 silly addNameRange     '2.51.0',
177 silly addNameRange     '2.52.0',
177 silly addNameRange     '2.53.0' ] ]
178 verbose addNamed [ 'request', '2.51.0' ]
179 verbose addNamed [ '2.51.0', '2.51.0' ]
180 silly lockFile 85707acc-request-2-51-0 request@2.51.0
181 verbose lock request@2.51.0 /Users/pradyumnad/.npm/85707acc-request-2-51-0.lock
182 info retry fetch attempt 1 at 19:50:50
183 verbose fetch to= /var/folders/lj/6mrfhjw96nv2br_hnnypw3_m0000gn/T/npm-25243-eN8UBm8j/registry.npmjs.org/errorhandler/-/errorhandler-1.2.4.tgz
184 http 200 https://registry.npmjs.org/socket.io
185 silly registry.get cb [ 200,
185 silly registry.get   { date: 'Wed, 18 Feb 2015 01:50:50 GMT',
185 silly registry.get     server: 'CouchDB/1.5.0 (Erlang OTP/R16B03)',
185 silly registry.get     etag: '"9FUCWBY5QI4S79G6FNCXBLRE4"',
185 silly registry.get     'content-type': 'application/json',
185 silly registry.get     'cache-control': 'max-age=60',
185 silly registry.get     'content-length': '110636',
185 silly registry.get     'accept-ranges': 'bytes',
185 silly registry.get     via: '1.1 varnish',
185 silly registry.get     age: '23',
185 silly registry.get     'x-served-by': 'cache-dfw1833-DFW',
185 silly registry.get     'x-cache': 'HIT',
185 silly registry.get     'x-cache-hits': '1',
185 silly registry.get     'x-timer': 'S1424224250.968855,VS0,VE0',
185 silly registry.get     vary: 'Accept',
185 silly registry.get     'keep-alive': 'timeout=10, max=48',
185 silly registry.get     connection: 'Keep-Alive' } ]
186 info retry fetch attempt 1 at 19:50:50
187 verbose fetch to= /var/folders/lj/6mrfhjw96nv2br_hnnypw3_m0000gn/T/npm-25243-eN8UBm8j/registry.npmjs.org/body-parser/-/body-parser-1.10.2.tgz
188 http GET https://registry.npmjs.org/errorhandler/-/errorhandler-1.2.4.tgz
189 silly lockFile ccf606cf-cookie-0-1-2 cookie@0.1.2
190 silly lockFile ccf606cf-cookie-0-1-2 cookie@0.1.2
191 http GET https://registry.npmjs.org/body-parser/-/body-parser-1.10.2.tgz
192 silly lockFile e539ea34-cookie-0-1-2 cookie@~0.1.2
193 silly lockFile e539ea34-cookie-0-1-2 cookie@~0.1.2
194 http 200 https://registry.npmjs.org/express
195 silly registry.get cb [ 200,
195 silly registry.get   { date: 'Wed, 18 Feb 2015 01:50:50 GMT',
195 silly registry.get     server: 'CouchDB/1.5.0 (Erlang OTP/R16B03)',
195 silly registry.get     etag: '"9HONZ8DWC7905JTAN0YVG0WOZ"',
195 silly registry.get     'content-type': 'application/json',
195 silly registry.get     'cache-control': 'max-age=60',
195 silly registry.get     'content-length': '469916',
195 silly registry.get     'accept-ranges': 'bytes',
195 silly registry.get     via: '1.1 varnish',
195 silly registry.get     age: '32',
195 silly registry.get     'x-served-by': 'cache-dfw1833-DFW',
195 silly registry.get     'x-cache': 'HIT',
195 silly registry.get     'x-cache-hits': '3',
195 silly registry.get     'x-timer': 'S1424224250.836085,VS0,VE0',
195 silly registry.get     vary: 'Accept',
195 silly registry.get     'keep-alive': 'timeout=10, max=50',
195 silly registry.get     connection: 'Keep-Alive' } ]
196 silly addNameRange number 2 { name: 'jade', range: '>=1.8.2-0 <1.9.0-0', hasData: true }
197 silly addNameRange versions [ 'jade',
197 silly addNameRange   [ '0.0.1',
197 silly addNameRange     '0.0.2',
197 silly addNameRange     '0.1.0',
197 silly addNameRange     '0.2.0',
197 silly addNameRange     '0.2.1',
197 silly addNameRange     '0.2.2',
197 silly addNameRange     '0.2.3',
197 silly addNameRange     '0.2.4',
197 silly addNameRange     '0.3.0',
197 silly addNameRange     '0.4.0',
197 silly addNameRange     '0.4.1',
197 silly addNameRange     '0.5.0',
197 silly addNameRange     '0.5.1',
197 silly addNameRange     '0.5.2',
197 silly addNameRange     '0.5.3',
197 silly addNameRange     '0.5.4',
197 silly addNameRange     '0.5.5',
197 silly addNameRange     '0.5.6',
197 silly addNameRange     '0.5.7',
197 silly addNameRange     '0.6.0',
197 silly addNameRange     '0.6.1',
197 silly addNameRange     '0.6.3',
197 silly addNameRange     '0.7.0',
197 silly addNameRange     '0.7.1',
197 silly addNameRange     '0.8.0',
197 silly addNameRange     '0.8.1',
197 silly addNameRange     '0.8.2',
197 silly addNameRange     '0.8.3',
197 silly addNameRange     '0.8.4',
197 silly addNameRange     '0.8.5',
197 silly addNameRange     '0.8.6',
197 silly addNameRange     '0.8.7',
197 silly addNameRange     '0.8.8',
197 silly addNameRange     '0.8.9',
197 silly addNameRange     '0.9.0',
197 silly addNameRange     '0.9.1',
197 silly addNameRange     '0.9.2',
197 silly addNameRange     '0.9.3',
197 silly addNameRange     '0.10.0',
197 silly addNameRange     '0.10.1',
197 silly addNameRange     '0.10.2',
197 silly addNameRange     '0.10.3',
197 silly addNameRange     '0.10.4',
197 silly addNameRange     '0.10.5',
197 silly addNameRange     '0.10.6',
197 silly addNameRange     '0.10.7',
197 silly addNameRange     '0.11.0',
197 silly addNameRange     '0.11.1',
197 silly addNameRange     '0.12.0',
197 silly addNameRange     '0.12.1',
197 silly addNameRange     '0.12.2',
197 silly addNameRange     '0.12.3',
197 silly addNameRange     '0.12.4',
197 silly addNameRange     '0.13.0',
197 silly addNameRange     '0.14.0',
197 silly addNameRange     '0.14.1',
197 silly addNameRange     '0.14.2',
197 silly addNameRange     '0.15.0',
197 silly addNameRange     '0.15.1',
197 silly addNameRange     '0.15.2',
197 silly addNameRange     '0.15.3',
197 silly addNameRange     '0.15.4',
197 silly addNameRange     '0.16.0',
197 silly addNameRange     '0.16.1',
197 silly addNameRange     '0.16.2',
197 silly addNameRange     '0.16.3',
197 silly addNameRange     '0.16.4',
197 silly addNameRange     '0.17.0',
197 silly addNameRange     '0.18.0',
197 silly addNameRange     '0.19.0',
197 silly addNameRange     '0.20.0',
197 silly addNameRange     '0.20.1',
197 silly addNameRange     '0.20.2',
197 silly addNameRange     '0.20.3',
197 silly addNameRange     '0.21.0',
197 silly addNameRange     '0.22.0',
197 silly addNameRange     '0.22.1',
197 silly addNameRange     '0.23.0',
197 silly addNameRange     '0.24.0',
197 silly addNameRange     '0.25.0',
197 silly addNameRange     '0.26.0',
197 silly addNameRange     '0.26.1',
197 silly addNameRange     '0.26.2',
197 silly addNameRange     '0.26.3',
197 silly addNameRange     '0.27.0',
197 silly addNameRange     '0.27.1',
197 silly addNameRange     '0.27.2',
197 silly addNameRange     '0.27.3',
197 silly addNameRange     '0.27.4',
197 silly addNameRange     '0.27.5',
197 silly addNameRange     '0.27.6',
197 silly addNameRange     '0.27.7',
197 silly addNameRange     '0.28.0',
197 silly addNameRange     '0.28.1',
197 silly addNameRange     '0.28.2',
197 silly addNameRange     '0.29.0',
197 silly addNameRange     '0.30.0',
197 silly addNameRange     '0.31.0',
197 silly addNameRange     '0.31.1',
197 silly addNameRange     '0.31.2',
197 silly addNameRange     '0.32.0',
197 silly addNameRange     '0.33.0',
197 silly addNameRange     '0.34.0',
197 silly addNameRange     '0.34.1',
197 silly addNameRange     '0.35.0',
197 silly addNameRange     '1.0.0',
197 silly addNameRange     '1.0.1',
197 silly addNameRange     '1.0.2',
197 silly addNameRange     '1.1.0',
197 silly addNameRange     '1.1.1',
197 silly addNameRange     '1.1.2',
197 silly addNameRange     '1.1.3',
197 silly addNameRange     '1.1.4',
197 silly addNameRange     '1.1.5',
197 silly addNameRange     '1.2.0',
197 silly addNameRange     '1.3.0',
197 silly addNameRange     '1.3.1',
197 silly addNameRange     '1.4.0',
197 silly addNameRange     '1.4.1',
197 silly addNameRange     '1.4.2',
197 silly addNameRange     '1.5.0',
197 silly addNameRange     '1.6.0',
197 silly addNameRange     '1.7.0',
197 silly addNameRange     '1.8.0',
197 silly addNameRange     '1.8.1',
197 silly addNameRange     '1.8.2',
197 silly addNameRange     '1.9.0',
197 silly addNameRange     '1.9.1',
197 silly addNameRange     '1.9.2' ] ]
198 verbose addNamed [ 'jade', '1.8.2' ]
199 verbose addNamed [ '1.8.2', '1.8.2' ]
200 silly lockFile c5c4fb28-jade-1-8-2 jade@1.8.2
201 verbose lock jade@1.8.2 /Users/pradyumnad/.npm/c5c4fb28-jade-1-8-2.lock
202 silly addNameRange number 2 { name: 'socket.io', range: '>=1.3.2-0 <1.4.0-0', hasData: true }
203 silly addNameRange versions [ 'socket.io',
203 silly addNameRange   [ '0.3.8',
203 silly addNameRange     '0.4.0',
203 silly addNameRange     '0.4.1',
203 silly addNameRange     '0.5.1',
203 silly addNameRange     '0.5.3',
203 silly addNameRange     '0.6.0',
203 silly addNameRange     '0.6.1',
203 silly addNameRange     '0.6.3',
203 silly addNameRange     '0.6.4',
203 silly addNameRange     '0.6.5',
203 silly addNameRange     '0.6.6',
203 silly addNameRange     '0.6.7',
203 silly addNameRange     '0.6.8',
203 silly addNameRange     '0.6.9',
203 silly addNameRange     '0.6.10',
203 silly addNameRange     '0.6.11',
203 silly addNameRange     '0.6.12',
203 silly addNameRange     '0.6.14',
203 silly addNameRange     '0.6.15',
203 silly addNameRange     '0.6.16',
203 silly addNameRange     '0.6.17',
203 silly addNameRange     '0.6.18',
203 silly addNameRange     '0.7.0',
203 silly addNameRange     '0.7.1',
203 silly addNameRange     '0.7.2',
203 silly addNameRange     '0.7.3',
203 silly addNameRange     '0.7.4',
203 silly addNameRange     '0.7.5',
203 silly addNameRange     '0.7.6',
203 silly addNameRange     '0.7.7',
203 silly addNameRange     '0.7.8',
203 silly addNameRange     '0.7.9',
203 silly addNameRange     '0.7.10',
203 silly addNameRange     '0.7.11',
203 silly addNameRange     '0.8.0',
203 silly addNameRange     '0.8.1',
203 silly addNameRange     '0.8.2',
203 silly addNameRange     '0.8.3',
203 silly addNameRange     '0.8.4',
203 silly addNameRange     '0.8.5',
203 silly addNameRange     '0.8.6',
203 silly addNameRange     '0.8.7',
203 silly addNameRange     '0.9.0',
203 silly addNameRange     '0.9.1',
203 silly addNameRange     '0.9.1-1',
203 silly addNameRange     '0.9.2',
203 silly addNameRange     '0.9.3',
203 silly addNameRange     '0.9.4',
203 silly addNameRange     '0.9.5',
203 silly addNameRange     '0.9.6',
203 silly addNameRange     '0.9.7',
203 silly addNameRange     '0.9.8',
203 silly addNameRange     '0.9.9',
203 silly addNameRange     '0.9.10',
203 silly addNameRange     '0.9.11',
203 silly addNameRange     '0.9.12',
203 silly addNameRange     '0.9.13',
203 silly addNameRange     '0.9.14',
203 silly addNameRange     '0.9.15',
203 silly addNameRange     '0.9.16',
203 silly addNameRange     '1.0.0-pre',
203 silly addNameRange     '1.0.0-pre2',
203 silly addNameRange     '1.0.0-pre3',
203 silly addNameRange     '1.0.0-pre4',
203 silly addNameRange     '1.0.0-pre5',
203 silly addNameRange     '0.9.17',
203 silly addNameRange     '1.0.0',
203 silly addNameRange     '1.0.1',
203 silly addNameRange     '1.0.2',
203 silly addNameRange     '1.0.3',
203 silly addNameRange     '1.0.4',
203 silly addNameRange     '1.0.5',
203 silly addNameRange     '1.0.6',
203 silly addNameRange     '1.1.0',
203 silly addNameRange     '1.2.0',
203 silly addNameRange     '1.2.1',
203 silly addNameRange     '1.3.0',
203 silly addNameRange     '1.3.1',
203 silly addNameRange     '1.3.2',
203 silly addNameRange     '1.3.3',
203 silly addNameRange     '1.3.4' ] ]
204 verbose addNamed [ 'socket.io', '1.3.4' ]
205 verbose addNamed [ '1.3.4', '1.3.4' ]
206 silly lockFile ca699646-socket-io-1-3-4 socket.io@1.3.4
207 verbose lock socket.io@1.3.4 /Users/pradyumnad/.npm/ca699646-socket-io-1-3-4.lock
208 silly lockFile 60de8c46-ry-npmjs-org-jade-jade-1-8-2-tgz https://registry.npmjs.org/jade/-/jade-1.8.2.tgz
209 verbose lock https://registry.npmjs.org/jade/-/jade-1.8.2.tgz /Users/pradyumnad/.npm/60de8c46-ry-npmjs-org-jade-jade-1-8-2-tgz.lock
210 silly lockFile 85707acc-request-2-51-0 request@2.51.0
211 silly lockFile 85707acc-request-2-51-0 request@2.51.0
212 verbose addRemoteTarball [ 'https://registry.npmjs.org/jade/-/jade-1.8.2.tgz',
212 verbose addRemoteTarball   '0db3630b2cb8145f6bf144d760b56e6b0bbb0aa0' ]
213 silly lockFile cffdd4b2-request-2-51-0 request@~2.51.0
214 silly lockFile cffdd4b2-request-2-51-0 request@~2.51.0
215 silly lockFile 4d2ff883-rg-socket-io-socket-io-1-3-4-tgz https://registry.npmjs.org/socket.io/-/socket.io-1.3.4.tgz
216 verbose lock https://registry.npmjs.org/socket.io/-/socket.io-1.3.4.tgz /Users/pradyumnad/.npm/4d2ff883-rg-socket-io-socket-io-1-3-4-tgz.lock
217 silly addNameRange number 2 { name: 'express', range: '>=4.10.6-0 <4.11.0-0', hasData: true }
218 silly addNameRange versions [ 'express',
218 silly addNameRange   [ '0.14.0',
218 silly addNameRange     '0.14.1',
218 silly addNameRange     '1.0.0',
218 silly addNameRange     '1.0.1',
218 silly addNameRange     '1.0.2',
218 silly addNameRange     '1.0.3',
218 silly addNameRange     '1.0.4',
218 silly addNameRange     '1.0.5',
218 silly addNameRange     '1.0.6',
218 silly addNameRange     '1.0.7',
218 silly addNameRange     '1.0.8',
218 silly addNameRange     '2.0.0',
218 silly addNameRange     '2.1.0',
218 silly addNameRange     '2.1.1',
218 silly addNameRange     '2.2.0',
218 silly addNameRange     '2.2.1',
218 silly addNameRange     '2.2.2',
218 silly addNameRange     '2.3.0',
218 silly addNameRange     '2.3.1',
218 silly addNameRange     '2.3.2',
218 silly addNameRange     '2.3.3',
218 silly addNameRange     '2.3.4',
218 silly addNameRange     '2.3.5',
218 silly addNameRange     '2.3.6',
218 silly addNameRange     '2.3.7',
218 silly addNameRange     '2.3.8',
218 silly addNameRange     '2.3.9',
218 silly addNameRange     '2.3.10',
218 silly addNameRange     '2.3.11',
218 silly addNameRange     '2.3.12',
218 silly addNameRange     '2.4.0',
218 silly addNameRange     '2.4.1',
218 silly addNameRange     '2.4.2',
218 silly addNameRange     '2.4.3',
218 silly addNameRange     '2.4.4',
218 silly addNameRange     '2.4.5',
218 silly addNameRange     '2.4.6',
218 silly addNameRange     '2.4.7',
218 silly addNameRange     '2.5.0',
218 silly addNameRange     '2.5.1',
218 silly addNameRange     '2.5.2',
218 silly addNameRange     '2.5.3',
218 silly addNameRange     '2.5.4',
218 silly addNameRange     '2.5.5',
218 silly addNameRange     '2.5.6',
218 silly addNameRange     '2.5.7',
218 silly addNameRange     '2.5.8',
218 silly addNameRange     '2.5.9',
218 silly addNameRange     '2.5.10',
218 silly addNameRange     '2.5.11',
218 silly addNameRange     '3.0.0',
218 silly addNameRange     '3.0.1',
218 silly addNameRange     '3.0.2',
218 silly addNameRange     '3.0.3',
218 silly addNameRange     '3.0.4',
218 silly addNameRange     '3.0.5',
218 silly addNameRange     '3.0.6',
218 silly addNameRange     '3.1.0',
218 silly addNameRange     '3.1.1',
218 silly addNameRange     '3.1.2',
218 silly addNameRange     '3.2.0',
218 silly addNameRange     '3.2.1',
218 silly addNameRange     '3.2.2',
218 silly addNameRange     '3.2.3',
218 silly addNameRange     '3.2.4',
218 silly addNameRange     '3.2.5',
218 silly addNameRange     '3.2.6',
218 silly addNameRange     '3.3.0',
218 silly addNameRange     '3.3.1',
218 silly addNameRange     '3.3.2',
218 silly addNameRange     '3.3.3',
218 silly addNameRange     '3.3.4',
218 silly addNameRange     '3.3.5',
218 silly addNameRange     '3.3.6',
218 silly addNameRange     '1.0.0-beta',
218 silly addNameRange     '1.0.0-beta2',
218 silly addNameRange     '1.0.0-rc',
218 silly addNameRange     '1.0.0-rc2',
218 silly addNameRange     '1.0.0-rc3',
218 silly addNameRange     '1.0.0-rc4',
218 silly addNameRange     '2.0.0-beta',
218 silly addNameRange     '2.0.0-beta2',
218 silly addNameRange     '2.0.0-beta3',
218 silly addNameRange     '2.0.0-rc',
218 silly addNameRange     '2.0.0-rc2',
218 silly addNameRange     '2.0.0-rc3',
218 silly addNameRange     '3.0.0-alpha1',
218 silly addNameRange     '3.0.0-alpha2',
218 silly addNameRange     '3.0.0-alpha3',
218 silly addNameRange     '3.0.0-alpha4',
218 silly addNameRange     '3.0.0-alpha5',
218 silly addNameRange     '3.0.0-beta1',
218 silly addNameRange     '3.0.0-beta2',
218 silly addNameRange     '3.0.0-beta3',
218 silly addNameRange     '3.0.0-beta4',
218 silly addNameRange     '3.0.0-beta6',
218 silly addNameRange     '3.0.0-beta7',
218 silly addNameRange     '3.0.0-rc1',
218 silly addNameRange     '3.0.0-rc2',
218 silly addNameRange     '3.0.0-rc3',
218 silly addNameRange     '3.0.0-rc4',
218 silly addNameRange     '3.0.0-rc5',
218 silly addNameRange     '3.3.7',
218 silly addNameRange     '3.3.8',
218 silly addNameRange     '3.4.0',
218 silly addNameRange     '3.4.1',
218 silly addNameRange     '3.4.2',
218 silly addNameRange     '3.4.3',
218 silly addNameRange     '3.4.4',
218 silly addNameRange     '3.4.5',
218 silly addNameRange     '3.4.6',
218 silly addNameRange     '3.4.7',
218 silly addNameRange     '3.4.8',
218 silly addNameRange     '4.0.0-rc1',
218 silly addNameRange     '4.0.0-rc2',
218 silly addNameRange     '3.5.0',
218 silly addNameRange     '4.0.0-rc3',
218 silly addNameRange     '4.0.0-rc4',
218 silly addNameRange     '3.5.1',
218 silly addNameRange     '4.0.0',
218 silly addNameRange     '3.5.2',
218 silly addNameRange     '4.1.0',
218 silly addNameRange     '4.1.1',
218 silly addNameRange     '3.5.3',
218 silly addNameRange     '4.1.2',
218 silly addNameRange     '3.6.0',
218 silly addNameRange     '4.2.0',
218 silly addNameRange     '3.7.0',
218 silly addNameRange     '3.8.0',
218 silly addNameRange     '4.3.0',
218 silly addNameRange     '4.3.1',
218 silly addNameRange     '3.8.1',
218 silly addNameRange     '4.3.2',
218 silly addNameRange     '3.9.0',
218 silly addNameRange     '4.4.0',
218 silly addNameRange     '4.4.1',
218 silly addNameRange     '3.10.0',
218 silly addNameRange     '3.10.1',
218 silly addNameRange     '3.10.2',
218 silly addNameRange     '3.10.3',
218 silly addNameRange     '3.10.4',
218 silly addNameRange     '4.4.2',
218 silly addNameRange     '3.10.5',
218 silly addNameRange     '4.4.3',
218 silly addNameRange     '3.11.0',
218 silly addNameRange     '4.4.4',
218 silly addNameRange     '3.12.0',
218 silly addNameRange     '3.12.1',
218 silly addNameRange     '4.4.5',
218 silly addNameRange     '3.13.0',
218 silly addNameRange     '4.5.0',
218 silly addNameRange     '4.5.1',
218 silly addNameRange     '3.14.0',
218 silly addNameRange     '4.6.0',
218 silly addNameRange     '4.6.1',
218 silly addNameRange     '3.15.0',
218 silly addNameRange     '4.7.0',
218 silly addNameRange     '3.15.1',
218 silly addNameRange     '4.7.1',
218 silly addNameRange     '3.15.2',
218 silly addNameRange     '4.7.2',
218 silly addNameRange     '4.7.3',
218 silly addNameRange     '3.15.3',
218 silly addNameRange     '4.7.4',
218 silly addNameRange     '3.16.0',
218 silly addNameRange     '4.8.0',
218 silly addNameRange     '3.16.1',
218 silly addNameRange     '4.8.1',
218 silly addNameRange     '3.16.2',
218 silly addNameRange     '4.8.2',
218 silly addNameRange     '3.16.3',
218 silly addNameRange     '3.16.4',
218 silly addNameRange     '4.8.3',
218 silly addNameRange     '3.16.5',
218 silly addNameRange     '3.16.6',
218 silly addNameRange     '4.8.4',
218 silly addNameRange     '3.16.7',
218 silly addNameRange     '4.8.5',
218 silly addNameRange     '3.16.8',
218 silly addNameRange     '4.8.6',
218 silly addNameRange     '3.16.9',
218 silly addNameRange     '4.8.7',
218 silly addNameRange     '3.16.10',
218 silly addNameRange     '4.8.8',
218 silly addNameRange     '3.17.0',
218 silly addNameRange     '3.17.1',
218 silly addNameRange     '4.9.0',
218 silly addNameRange     '3.17.2',
218 silly addNameRange     '4.9.1',
218 silly addNameRange     '4.9.2',
218 silly addNameRange     '3.17.3',
218 silly addNameRange     '4.9.3',
218 silly addNameRange     '3.17.4',
218 silly addNameRange     '4.9.4',
218 silly addNameRange     '3.17.5',
218 silly addNameRange     '4.9.5',
218 silly addNameRange     '3.17.6',
218 silly addNameRange     '3.17.7',
218 silly addNameRange     '4.9.6',
218 silly addNameRange     '4.9.7',
218 silly addNameRange     '3.17.8',
218 silly addNameRange     '4.9.8',
218 silly addNameRange     '3.18.0',
218 silly addNameRange     '3.18.1',
218 silly addNameRange     '4.10.0',
218 silly addNameRange     '3.18.2',
218 silly addNameRange     '4.10.1',
218 silly addNameRange     '5.0.0-alpha.1',
218 silly addNameRange     '3.18.3',
218 silly addNameRange     '4.10.2',
218 silly addNameRange     '3.18.4',
218 silly addNameRange     '4.10.3',
218 silly addNameRange     '4.10.4',
218 silly addNameRange     '4.10.5',
218 silly addNameRange     '3.18.5',
218 silly addNameRange     '3.18.6',
218 silly addNameRange     '4.10.6',
218 silly addNameRange     '4.10.7',
218 silly addNameRange     '3.19.0',
218 silly addNameRange     '4.10.8',
218 silly addNameRange     '4.11.0',
218 silly addNameRange     '3.19.1',
218 silly addNameRange     '4.11.1',
218 silly addNameRange     '3.19.2',
218 silly addNameRange     '4.11.2' ] ]
219 verbose addNamed [ 'express', '4.10.8' ]
220 verbose addNamed [ '4.10.8', '4.10.8' ]
221 silly lockFile 44558bf5-express-4-10-8 express@4.10.8
222 verbose lock express@4.10.8 /Users/pradyumnad/.npm/44558bf5-express-4-10-8.lock
223 info retry fetch attempt 1 at 19:50:51
224 verbose fetch to= /var/folders/lj/6mrfhjw96nv2br_hnnypw3_m0000gn/T/npm-25243-eN8UBm8j/registry.npmjs.org/jade/-/jade-1.8.2.tgz
225 verbose addRemoteTarball [ 'https://registry.npmjs.org/socket.io/-/socket.io-1.3.4.tgz',
225 verbose addRemoteTarball   '3aa3bec59c75792cedeba1c52825c9aa6802f027' ]
226 http GET https://registry.npmjs.org/jade/-/jade-1.8.2.tgz
227 silly lockFile 95f2bc2f-s-org-express-express-4-10-8-tgz https://registry.npmjs.org/express/-/express-4.10.8.tgz
228 verbose lock https://registry.npmjs.org/express/-/express-4.10.8.tgz /Users/pradyumnad/.npm/95f2bc2f-s-org-express-express-4-10-8-tgz.lock
229 info retry fetch attempt 1 at 19:50:51
230 verbose fetch to= /var/folders/lj/6mrfhjw96nv2br_hnnypw3_m0000gn/T/npm-25243-eN8UBm8j/registry.npmjs.org/socket.io/-/socket.io-1.3.4.tgz
231 http GET https://registry.npmjs.org/socket.io/-/socket.io-1.3.4.tgz
232 http 200 https://registry.npmjs.org/errorhandler/-/errorhandler-1.2.4.tgz
233 verbose addRemoteTarball [ 'https://registry.npmjs.org/express/-/express-4.10.8.tgz',
233 verbose addRemoteTarball   '2d83571e065c0efb2679c0a5f9ae66aeaa47024a' ]
234 info retry fetch attempt 1 at 19:50:51
235 verbose fetch to= /var/folders/lj/6mrfhjw96nv2br_hnnypw3_m0000gn/T/npm-25243-eN8UBm8j/registry.npmjs.org/express/-/express-4.10.8.tgz
236 http GET https://registry.npmjs.org/express/-/express-4.10.8.tgz
237 silly lockFile b8cd6fd0-orhandler-errorhandler-1-2-4-tgz https://registry.npmjs.org/errorhandler/-/errorhandler-1.2.4.tgz
238 silly lockFile b8cd6fd0-orhandler-errorhandler-1-2-4-tgz https://registry.npmjs.org/errorhandler/-/errorhandler-1.2.4.tgz
239 silly lockFile a124ae85-errorhandler-1-2-4 errorhandler@1.2.4
240 silly lockFile a124ae85-errorhandler-1-2-4 errorhandler@1.2.4
241 silly lockFile c7c8b2a0-errorhandler-1-2-2 errorhandler@~1.2.2
242 silly lockFile c7c8b2a0-errorhandler-1-2-2 errorhandler@~1.2.2
243 http 200 https://registry.npmjs.org/body-parser/-/body-parser-1.10.2.tgz
244 silly lockFile 76df2ab8-dy-parser-body-parser-1-10-2-tgz https://registry.npmjs.org/body-parser/-/body-parser-1.10.2.tgz
245 silly lockFile 76df2ab8-dy-parser-body-parser-1-10-2-tgz https://registry.npmjs.org/body-parser/-/body-parser-1.10.2.tgz
246 silly lockFile 6255e82a-body-parser-1-10-2 body-parser@1.10.2
247 silly lockFile 6255e82a-body-parser-1-10-2 body-parser@1.10.2
248 silly lockFile 73324c1d-body-parser-1-10-0 body-parser@~1.10.0
249 silly lockFile 73324c1d-body-parser-1-10-0 body-parser@~1.10.0
250 http 200 https://registry.npmjs.org/socket.io/-/socket.io-1.3.4.tgz
251 silly lockFile 4d2ff883-rg-socket-io-socket-io-1-3-4-tgz https://registry.npmjs.org/socket.io/-/socket.io-1.3.4.tgz
252 silly lockFile 4d2ff883-rg-socket-io-socket-io-1-3-4-tgz https://registry.npmjs.org/socket.io/-/socket.io-1.3.4.tgz
253 silly lockFile ca699646-socket-io-1-3-4 socket.io@1.3.4
254 silly lockFile ca699646-socket-io-1-3-4 socket.io@1.3.4
255 silly lockFile f994ea62-socket-io-1-3-2 socket.io@~1.3.2
256 silly lockFile f994ea62-socket-io-1-3-2 socket.io@~1.3.2
257 http 200 https://registry.npmjs.org/express/-/express-4.10.8.tgz
258 silly lockFile 95f2bc2f-s-org-express-express-4-10-8-tgz https://registry.npmjs.org/express/-/express-4.10.8.tgz
259 silly lockFile 95f2bc2f-s-org-express-express-4-10-8-tgz https://registry.npmjs.org/express/-/express-4.10.8.tgz
260 silly lockFile 44558bf5-express-4-10-8 express@4.10.8
261 silly lockFile 44558bf5-express-4-10-8 express@4.10.8
262 silly lockFile 2847eb2c-express-4-10-6 express@~4.10.6
263 silly lockFile 2847eb2c-express-4-10-6 express@~4.10.6
264 http 200 https://registry.npmjs.org/jade/-/jade-1.8.2.tgz
265 silly lockFile 60de8c46-ry-npmjs-org-jade-jade-1-8-2-tgz https://registry.npmjs.org/jade/-/jade-1.8.2.tgz
266 silly lockFile 60de8c46-ry-npmjs-org-jade-jade-1-8-2-tgz https://registry.npmjs.org/jade/-/jade-1.8.2.tgz
267 silly lockFile c5c4fb28-jade-1-8-2 jade@1.8.2
268 silly lockFile c5c4fb28-jade-1-8-2 jade@1.8.2
269 silly lockFile 3c7a704c-jade-1-8-2 jade@~1.8.2
270 silly lockFile 3c7a704c-jade-1-8-2 jade@~1.8.2
271 error Error: EACCES, mkdir '/Users/pradyumnad/.npm/errorhandler/1.2.4'
271 error  { [Error: EACCES, mkdir '/Users/pradyumnad/.npm/errorhandler/1.2.4']
271 error   errno: 3,
271 error   code: 'EACCES',
271 error   path: '/Users/pradyumnad/.npm/errorhandler/1.2.4',
271 error   parent: 'SpeechToTextNodejsStarterApp' }
272 error Please try running this command again as root/Administrator.
273 error System Darwin 14.3.0
274 error command "node" "/usr/local/bin/npm" "install"
275 error cwd /Users/pradyumnad/KDM/ClassApp
276 error node -v v0.10.32
277 error npm -v 1.4.28
278 error path /Users/pradyumnad/.npm/errorhandler/1.2.4
279 error code EACCES
280 error errno 3
281 error stack Error: EACCES, mkdir '/Users/pradyumnad/.npm/errorhandler/1.2.4'
282 verbose exit [ 3, true ]
